2025-03-14T17:10:26.202Z	[34mINFO[0m	comet/bucket.go:36	åˆ›å»ºBucket
2025-03-14T17:10:26.202Z	[34mINFO[0m	comet/bucket.go:36	åˆ›å»ºBucket
2025-03-14T17:10:26.202Z	[34mINFO[0m	comet/bucket.go:36	åˆ›å»ºBucket
2025-03-14T17:10:26.202Z	[34mINFO[0m	comet/bucket.go:36	åˆ›å»ºBucket
2025-03-14T17:10:26.203Z	[34mINFO[0m	comet/bucket.go:36	åˆ›å»ºBucket
2025-03-14T17:10:26.203Z	[34mINFO[0m	comet/bucket.go:36	åˆ›å»ºBucket
2025-03-14T17:10:26.203Z	[34mINFO[0m	comet/bucket.go:36	åˆ›å»ºBucket
2025-03-14T17:10:26.203Z	[34mINFO[0m	comet/bucket.go:36	åˆ›å»ºBucket
2025-03-14T17:10:26.203Z	[34mINFO[0m	comet/bucket.go:36	åˆ›å»ºBucket
2025-03-14T17:10:26.203Z	[34mINFO[0m	comet/bucket.go:36	åˆ›å»ºBucket
2025-03-14T17:10:26.204Z	[34mINFO[0m	comet/bucket.go:36	åˆ›å»ºBucket
2025-03-14T17:10:26.204Z	[34mINFO[0m	comet/bucket.go:36	åˆ›å»ºBucket
2025-03-14T17:10:26.204Z	[34mINFO[0m	comet/bucket.go:36	åˆ›å»ºBucket
2025-03-14T17:10:26.204Z	[34mINFO[0m	comet/bucket.go:36	åˆ›å»ºBucket
2025-03-14T17:10:26.204Z	[34mINFO[0m	comet/bucket.go:36	åˆ›å»ºBucket
2025-03-14T17:10:26.204Z	[34mINFO[0m	comet/bucket.go:36	åˆ›å»ºBucket
2025-03-14T17:10:26.205Z	[34mINFO[0m	comet/bucket.go:36	åˆ›å»ºBucket
2025-03-14T17:10:26.205Z	[34mINFO[0m	comet/bucket.go:36	åˆ›å»ºBucket
2025-03-14T17:10:26.205Z	[34mINFO[0m	comet/bucket.go:36	åˆ›å»ºBucket
2025-03-14T17:10:26.205Z	[34mINFO[0m	comet/bucket.go:36	åˆ›å»ºBucket
2025-03-14T17:10:26.205Z	[34mINFO[0m	comet/bucket.go:36	åˆ›å»ºBucket
2025-03-14T17:10:26.205Z	[34mINFO[0m	comet/bucket.go:36	åˆ›å»ºBucket
2025-03-14T17:10:26.206Z	[34mINFO[0m	comet/bucket.go:36	åˆ›å»ºBucket
2025-03-14T17:10:26.206Z	[34mINFO[0m	comet/bucket.go:36	åˆ›å»ºBucket
2025-03-14T17:10:26.206Z	[34mINFO[0m	comet/bucket.go:36	åˆ›å»ºBucket
2025-03-14T17:10:26.206Z	[34mINFO[0m	comet/bucket.go:36	åˆ›å»ºBucket
2025-03-14T17:10:26.206Z	[34mINFO[0m	comet/bucket.go:36	åˆ›å»ºBucket
2025-03-14T17:10:26.206Z	[34mINFO[0m	comet/bucket.go:36	åˆ›å»ºBucket
2025-03-14T17:10:26.206Z	[34mINFO[0m	comet/bucket.go:36	åˆ›å»ºBucket
2025-03-14T17:10:26.207Z	[34mINFO[0m	comet/bucket.go:36	åˆ›å»ºBucket
2025-03-14T17:10:26.207Z	[34mINFO[0m	comet/bucket.go:36	åˆ›å»ºBucket
2025-03-14T17:10:26.207Z	[34mINFO[0m	comet/bucket.go:36	åˆ›å»ºBucket
2025-03-14T17:10:26.207Z	[34mINFO[0m	comet/server.go:80	åˆå§‹åŒ–server	{"bucket size": 32}
2025-03-14T17:10:26.207Z	[34mINFO[0m	comet/server.go:116	onlineprocæ‰§è¡Œä¸­
2025-03-14T17:10:26.207Z	[34mINFO[0m	comet/server_tcp.go:47	Start TCP listen	{"bind": ":8080"}
2025-03-14T17:12:11.865Z	[34mINFO[0m	comet/bucket.go:36	åˆ›å»ºBucket
2025-03-14T17:12:11.866Z	[34mINFO[0m	comet/bucket.go:36	åˆ›å»ºBucket
2025-03-14T17:12:11.866Z	[34mINFO[0m	comet/bucket.go:36	åˆ›å»ºBucket
2025-03-14T17:12:11.866Z	[34mINFO[0m	comet/bucket.go:36	åˆ›å»ºBucket
2025-03-14T17:12:11.866Z	[34mINFO[0m	comet/bucket.go:36	åˆ›å»ºBucket
2025-03-14T17:12:11.866Z	[34mINFO[0m	comet/bucket.go:36	åˆ›å»ºBucket
2025-03-14T17:12:11.867Z	[34mINFO[0m	comet/bucket.go:36	åˆ›å»ºBucket
2025-03-14T17:12:11.867Z	[34mINFO[0m	comet/bucket.go:36	åˆ›å»ºBucket
2025-03-14T17:12:11.867Z	[34mINFO[0m	comet/bucket.go:36	åˆ›å»ºBucket
2025-03-14T17:12:11.867Z	[34mINFO[0m	comet/bucket.go:36	åˆ›å»ºBucket
2025-03-14T17:12:11.867Z	[34mINFO[0m	comet/bucket.go:36	åˆ›å»ºBucket
2025-03-14T17:12:11.867Z	[34mINFO[0m	comet/bucket.go:36	åˆ›å»ºBucket
2025-03-14T17:12:11.868Z	[34mINFO[0m	comet/bucket.go:36	åˆ›å»ºBucket
2025-03-14T17:12:11.868Z	[34mINFO[0m	comet/bucket.go:36	åˆ›å»ºBucket
2025-03-14T17:12:11.868Z	[34mINFO[0m	comet/bucket.go:36	åˆ›å»ºBucket
2025-03-14T17:12:11.868Z	[34mINFO[0m	comet/bucket.go:36	åˆ›å»ºBucket
2025-03-14T17:12:11.868Z	[34mINFO[0m	comet/bucket.go:36	åˆ›å»ºBucket
2025-03-14T17:12:11.868Z	[34mINFO[0m	comet/bucket.go:36	åˆ›å»ºBucket
2025-03-14T17:12:11.868Z	[34mINFO[0m	comet/bucket.go:36	åˆ›å»ºBucket
2025-03-14T17:12:11.869Z	[34mINFO[0m	comet/bucket.go:36	åˆ›å»ºBucket
2025-03-14T17:12:11.869Z	[34mINFO[0m	comet/bucket.go:36	åˆ›å»ºBucket
2025-03-14T17:12:11.869Z	[34mINFO[0m	comet/bucket.go:36	åˆ›å»ºBucket
2025-03-14T17:12:11.869Z	[34mINFO[0m	comet/bucket.go:36	åˆ›å»ºBucket
2025-03-14T17:12:11.869Z	[34mINFO[0m	comet/bucket.go:36	åˆ›å»ºBucket
2025-03-14T17:12:11.869Z	[34mINFO[0m	comet/bucket.go:36	åˆ›å»ºBucket
2025-03-14T17:12:11.869Z	[34mINFO[0m	comet/bucket.go:36	åˆ›å»ºBucket
2025-03-14T17:12:11.870Z	[34mINFO[0m	comet/bucket.go:36	åˆ›å»ºBucket
2025-03-14T17:12:11.870Z	[34mINFO[0m	comet/bucket.go:36	åˆ›å»ºBucket
2025-03-14T17:12:11.870Z	[34mINFO[0m	comet/bucket.go:36	åˆ›å»ºBucket
2025-03-14T17:12:11.870Z	[34mINFO[0m	comet/bucket.go:36	åˆ›å»ºBucket
2025-03-14T17:12:11.870Z	[34mINFO[0m	comet/bucket.go:36	åˆ›å»ºBucket
2025-03-14T17:12:11.870Z	[34mINFO[0m	comet/bucket.go:36	åˆ›å»ºBucket
2025-03-14T17:12:11.870Z	[34mINFO[0m	comet/server.go:80	åˆå§‹åŒ–server	{"bucket size": 32}
2025-03-14T17:12:11.870Z	[34mINFO[0m	comet/server.go:116	onlineprocæ‰§è¡Œä¸­
2025-03-14T17:12:11.871Z	[34mINFO[0m	comet/server_tcp.go:47	Start TCP listen	{"bind": ":8080"}
2025-03-14T17:13:03.637Z	[34mINFO[0m	comet/bucket.go:36	åˆ›å»ºBucket
2025-03-14T17:13:03.638Z	[34mINFO[0m	comet/bucket.go:36	åˆ›å»ºBucket
2025-03-14T17:13:03.638Z	[34mINFO[0m	comet/bucket.go:36	åˆ›å»ºBucket
2025-03-14T17:13:03.638Z	[34mINFO[0m	comet/bucket.go:36	åˆ›å»ºBucket
2025-03-14T17:13:03.638Z	[34mINFO[0m	comet/bucket.go:36	åˆ›å»ºBucket
2025-03-14T17:13:03.638Z	[34mINFO[0m	comet/bucket.go:36	åˆ›å»ºBucket
2025-03-14T17:13:03.638Z	[34mINFO[0m	comet/bucket.go:36	åˆ›å»ºBucket
2025-03-14T17:13:03.639Z	[34mINFO[0m	comet/bucket.go:36	åˆ›å»ºBucket
2025-03-14T17:13:03.639Z	[34mINFO[0m	comet/bucket.go:36	åˆ›å»ºBucket
2025-03-14T17:13:03.639Z	[34mINFO[0m	comet/bucket.go:36	åˆ›å»ºBucket
2025-03-14T17:13:03.639Z	[34mINFO[0m	comet/bucket.go:36	åˆ›å»ºBucket
2025-03-14T17:13:03.639Z	[34mINFO[0m	comet/bucket.go:36	åˆ›å»ºBucket
2025-03-14T17:13:03.639Z	[34mINFO[0m	comet/bucket.go:36	åˆ›å»ºBucket
2025-03-14T17:13:03.640Z	[34mINFO[0m	comet/bucket.go:36	åˆ›å»ºBucket
2025-03-14T17:13:03.640Z	[34mINFO[0m	comet/bucket.go:36	åˆ›å»ºBucket
2025-03-14T17:13:03.640Z	[34mINFO[0m	comet/bucket.go:36	åˆ›å»ºBucket
2025-03-14T17:13:03.640Z	[34mINFO[0m	comet/bucket.go:36	åˆ›å»ºBucket
2025-03-14T17:13:03.640Z	[34mINFO[0m	comet/bucket.go:36	åˆ›å»ºBucket
2025-03-14T17:13:03.640Z	[34mINFO[0m	comet/bucket.go:36	åˆ›å»ºBucket
2025-03-14T17:13:03.640Z	[34mINFO[0m	comet/bucket.go:36	åˆ›å»ºBucket
2025-03-14T17:13:03.641Z	[34mINFO[0m	comet/bucket.go:36	åˆ›å»ºBucket
2025-03-14T17:13:03.641Z	[34mINFO[0m	comet/bucket.go:36	åˆ›å»ºBucket
2025-03-14T17:13:03.641Z	[34mINFO[0m	comet/bucket.go:36	åˆ›å»ºBucket
2025-03-14T17:13:03.641Z	[34mINFO[0m	comet/bucket.go:36	åˆ›å»ºBucket
2025-03-14T17:13:03.641Z	[34mINFO[0m	comet/bucket.go:36	åˆ›å»ºBucket
2025-03-14T17:13:03.641Z	[34mINFO[0m	comet/bucket.go:36	åˆ›å»ºBucket
2025-03-14T17:13:03.641Z	[34mINFO[0m	comet/bucket.go:36	åˆ›å»ºBucket
2025-03-14T17:13:03.642Z	[34mINFO[0m	comet/bucket.go:36	åˆ›å»ºBucket
2025-03-14T17:13:03.642Z	[34mINFO[0m	comet/bucket.go:36	åˆ›å»ºBucket
2025-03-14T17:13:03.642Z	[34mINFO[0m	comet/bucket.go:36	åˆ›å»ºBucket
2025-03-14T17:13:03.642Z	[34mINFO[0m	comet/bucket.go:36	åˆ›å»ºBucket
2025-03-14T17:13:03.642Z	[34mINFO[0m	comet/bucket.go:36	åˆ›å»ºBucket
2025-03-14T17:13:03.642Z	[34mINFO[0m	comet/server.go:80	åˆå§‹åŒ–server	{"bucket size": 32}
2025-03-14T17:13:03.642Z	[34mINFO[0m	comet/server_tcp.go:47	Start TCP listen	{"bind": ":8080"}
2025-03-14T17:13:03.642Z	[34mINFO[0m	comet/server.go:116	onlineprocæ‰§è¡Œä¸­
2025-03-14T17:15:07.487Z	[34mINFO[0m	comet/bucket.go:36	åˆ›å»ºBucket
2025-03-14T17:15:07.487Z	[34mINFO[0m	comet/bucket.go:36	åˆ›å»ºBucket
2025-03-14T17:15:07.487Z	[34mINFO[0m	comet/bucket.go:36	åˆ›å»ºBucket
2025-03-14T17:15:07.488Z	[34mINFO[0m	comet/bucket.go:36	åˆ›å»ºBucket
2025-03-14T17:15:07.488Z	[34mINFO[0m	comet/bucket.go:36	åˆ›å»ºBucket
2025-03-14T17:15:07.488Z	[34mINFO[0m	comet/bucket.go:36	åˆ›å»ºBucket
2025-03-14T17:15:07.488Z	[34mINFO[0m	comet/bucket.go:36	åˆ›å»ºBucket
2025-03-14T17:15:07.488Z	[34mINFO[0m	comet/bucket.go:36	åˆ›å»ºBucket
2025-03-14T17:15:07.488Z	[34mINFO[0m	comet/bucket.go:36	åˆ›å»ºBucket
2025-03-14T17:15:07.489Z	[34mINFO[0m	comet/bucket.go:36	åˆ›å»ºBucket
2025-03-14T17:15:07.489Z	[34mINFO[0m	comet/bucket.go:36	åˆ›å»ºBucket
2025-03-14T17:15:07.489Z	[34mINFO[0m	comet/bucket.go:36	åˆ›å»ºBucket
2025-03-14T17:15:07.489Z	[34mINFO[0m	comet/bucket.go:36	åˆ›å»ºBucket
2025-03-14T17:15:07.489Z	[34mINFO[0m	comet/bucket.go:36	åˆ›å»ºBucket
2025-03-14T17:15:07.489Z	[34mINFO[0m	comet/bucket.go:36	åˆ›å»ºBucket
2025-03-14T17:15:07.489Z	[34mINFO[0m	comet/bucket.go:36	åˆ›å»ºBucket
2025-03-14T17:15:07.490Z	[34mINFO[0m	comet/bucket.go:36	åˆ›å»ºBucket
2025-03-14T17:15:07.490Z	[34mINFO[0m	comet/bucket.go:36	åˆ›å»ºBucket
2025-03-14T17:15:07.490Z	[34mINFO[0m	comet/bucket.go:36	åˆ›å»ºBucket
2025-03-14T17:15:07.490Z	[34mINFO[0m	comet/bucket.go:36	åˆ›å»ºBucket
2025-03-14T17:15:07.490Z	[34mINFO[0m	comet/bucket.go:36	åˆ›å»ºBucket
2025-03-14T17:15:07.490Z	[34mINFO[0m	comet/bucket.go:36	åˆ›å»ºBucket
2025-03-14T17:15:07.490Z	[34mINFO[0m	comet/bucket.go:36	åˆ›å»ºBucket
2025-03-14T17:15:07.491Z	[34mINFO[0m	comet/bucket.go:36	åˆ›å»ºBucket
2025-03-14T17:15:07.491Z	[34mINFO[0m	comet/bucket.go:36	åˆ›å»ºBucket
2025-03-14T17:15:07.491Z	[34mINFO[0m	comet/bucket.go:36	åˆ›å»ºBucket
2025-03-14T17:15:07.491Z	[34mINFO[0m	comet/bucket.go:36	åˆ›å»ºBucket
2025-03-14T17:15:07.491Z	[34mINFO[0m	comet/bucket.go:36	åˆ›å»ºBucket
2025-03-14T17:15:07.491Z	[34mINFO[0m	comet/bucket.go:36	åˆ›å»ºBucket
2025-03-14T17:15:07.491Z	[34mINFO[0m	comet/bucket.go:36	åˆ›å»ºBucket
2025-03-14T17:15:07.492Z	[34mINFO[0m	comet/bucket.go:36	åˆ›å»ºBucket
2025-03-14T17:15:07.492Z	[34mINFO[0m	comet/bucket.go:36	åˆ›å»ºBucket
2025-03-14T17:15:07.492Z	[34mINFO[0m	comet/server.go:80	åˆå§‹åŒ–server	{"bucket size": 32}
2025-03-14T17:15:07.492Z	[34mINFO[0m	comet/server.go:116	onlineprocæ‰§è¡Œä¸­
2025-03-14T17:15:07.492Z	[34mINFO[0m	comet/server_tcp.go:47	Start TCP listen	{"bind": ":8080"}
2025-03-14T17:15:23.691Z	[34mINFO[0m	comet/bucket.go:36	åˆ›å»ºBucket
2025-03-14T17:15:23.692Z	[34mINFO[0m	comet/bucket.go:36	åˆ›å»ºBucket
2025-03-14T17:15:23.692Z	[34mINFO[0m	comet/bucket.go:36	åˆ›å»ºBucket
2025-03-14T17:15:23.692Z	[34mINFO[0m	comet/bucket.go:36	åˆ›å»ºBucket
2025-03-14T17:15:23.692Z	[34mINFO[0m	comet/bucket.go:36	åˆ›å»ºBucket
2025-03-14T17:15:23.692Z	[34mINFO[0m	comet/bucket.go:36	åˆ›å»ºBucket
2025-03-14T17:15:23.693Z	[34mINFO[0m	comet/bucket.go:36	åˆ›å»ºBucket
2025-03-14T17:15:23.693Z	[34mINFO[0m	comet/bucket.go:36	åˆ›å»ºBucket
2025-03-14T17:15:23.693Z	[34mINFO[0m	comet/bucket.go:36	åˆ›å»ºBucket
2025-03-14T17:15:23.693Z	[34mINFO[0m	comet/bucket.go:36	åˆ›å»ºBucket
2025-03-14T17:15:23.693Z	[34mINFO[0m	comet/bucket.go:36	åˆ›å»ºBucket
2025-03-14T17:15:23.693Z	[34mINFO[0m	comet/bucket.go:36	åˆ›å»ºBucket
2025-03-14T17:15:23.694Z	[34mINFO[0m	comet/bucket.go:36	åˆ›å»ºBucket
2025-03-14T17:15:23.694Z	[34mINFO[0m	comet/bucket.go:36	åˆ›å»ºBucket
2025-03-14T17:15:23.694Z	[34mINFO[0m	comet/bucket.go:36	åˆ›å»ºBucket
2025-03-14T17:15:23.694Z	[34mINFO[0m	comet/bucket.go:36	åˆ›å»ºBucket
2025-03-14T17:15:23.694Z	[34mINFO[0m	comet/bucket.go:36	åˆ›å»ºBucket
2025-03-14T17:15:23.694Z	[34mINFO[0m	comet/bucket.go:36	åˆ›å»ºBucket
2025-03-14T17:15:23.694Z	[34mINFO[0m	comet/bucket.go:36	åˆ›å»ºBucket
2025-03-14T17:15:23.695Z	[34mINFO[0m	comet/bucket.go:36	åˆ›å»ºBucket
2025-03-14T17:15:23.695Z	[34mINFO[0m	comet/bucket.go:36	åˆ›å»ºBucket
2025-03-14T17:15:23.695Z	[34mINFO[0m	comet/bucket.go:36	åˆ›å»ºBucket
2025-03-14T17:15:23.695Z	[34mINFO[0m	comet/bucket.go:36	åˆ›å»ºBucket
2025-03-14T17:15:23.695Z	[34mINFO[0m	comet/bucket.go:36	åˆ›å»ºBucket
2025-03-14T17:15:23.695Z	[34mINFO[0m	comet/bucket.go:36	åˆ›å»ºBucket
2025-03-14T17:15:23.696Z	[34mINFO[0m	comet/bucket.go:36	åˆ›å»ºBucket
2025-03-14T17:15:23.696Z	[34mINFO[0m	comet/bucket.go:36	åˆ›å»ºBucket
2025-03-14T17:15:23.696Z	[34mINFO[0m	comet/bucket.go:36	åˆ›å»ºBucket
2025-03-14T17:15:23.696Z	[34mINFO[0m	comet/bucket.go:36	åˆ›å»ºBucket
2025-03-14T17:15:23.696Z	[34mINFO[0m	comet/bucket.go:36	åˆ›å»ºBucket
2025-03-14T17:15:23.696Z	[34mINFO[0m	comet/bucket.go:36	åˆ›å»ºBucket
2025-03-14T17:15:23.696Z	[34mINFO[0m	comet/bucket.go:36	åˆ›å»ºBucket
2025-03-14T17:15:23.696Z	[34mINFO[0m	comet/server.go:80	åˆå§‹åŒ–server	{"bucket size": 32}
2025-03-14T17:15:23.697Z	[34mINFO[0m	comet/server_tcp.go:47	Start TCP listen	{"bind": ":8080"}
2025-03-14T17:15:23.697Z	[34mINFO[0m	comet/server.go:116	onlineprocæ‰§è¡Œä¸­
2025-03-14T17:18:00.705Z	[34mINFO[0m	comet/server_tcp.go:110	start tcp serve	{"local_address": "[::1]:8080", "remote_address": "[::1]:44422"}
2025-03-14T17:18:00.705Z	[34mINFO[0m	comet/channel.go:29	æ–°å»ºé€šé“	{"cli(ç¯å½¢ç¼“å†²åŒºå¤§å°)": 5, "svr(s.singalé€šé“å¤§å°)": 10}
2025-03-14T17:18:08.706Z	[31mERROR[0m	comet/server_tcp.go:175	handshake failed	{"key": "", "error": "read tcp [::1]:8080->[::1]:44422: use of closed network connection"}
2025-03-14T17:18:08.706Z	[31mERROR[0m	comet/server_tcp.go:144	tcp handshake timeout	{"key": "", "remoteIP": "[::1]:44422", "step": 2}
2025-03-23T07:42:52.411Z	[34mINFO[0m	comet/bucket.go:36	åˆ›å»ºBucket
2025-03-23T07:42:52.411Z	[34mINFO[0m	comet/bucket.go:36	åˆ›å»ºBucket
2025-03-23T07:42:52.412Z	[34mINFO[0m	comet/bucket.go:36	åˆ›å»ºBucket
2025-03-23T07:42:52.412Z	[34mINFO[0m	comet/bucket.go:36	åˆ›å»ºBucket
2025-03-23T07:42:52.412Z	[34mINFO[0m	comet/bucket.go:36	åˆ›å»ºBucket
2025-03-23T07:42:52.412Z	[34mINFO[0m	comet/bucket.go:36	åˆ›å»ºBucket
2025-03-23T07:42:52.413Z	[34mINFO[0m	comet/bucket.go:36	åˆ›å»ºBucket
2025-03-23T07:42:52.413Z	[34mINFO[0m	comet/bucket.go:36	åˆ›å»ºBucket
2025-03-23T07:42:52.413Z	[34mINFO[0m	comet/bucket.go:36	åˆ›å»ºBucket
2025-03-23T07:42:52.413Z	[34mINFO[0m	comet/bucket.go:36	åˆ›å»ºBucket
2025-03-23T07:42:52.413Z	[34mINFO[0m	comet/bucket.go:36	åˆ›å»ºBucket
2025-03-23T07:42:52.413Z	[34mINFO[0m	comet/bucket.go:36	åˆ›å»ºBucket
2025-03-23T07:42:52.414Z	[34mINFO[0m	comet/bucket.go:36	åˆ›å»ºBucket
2025-03-23T07:42:52.414Z	[34mINFO[0m	comet/bucket.go:36	åˆ›å»ºBucket
2025-03-23T07:42:52.414Z	[34mINFO[0m	comet/bucket.go:36	åˆ›å»ºBucket
2025-03-23T07:42:52.414Z	[34mINFO[0m	comet/bucket.go:36	åˆ›å»ºBucket
2025-03-23T07:42:52.414Z	[34mINFO[0m	comet/bucket.go:36	åˆ›å»ºBucket
2025-03-23T07:42:52.414Z	[34mINFO[0m	comet/bucket.go:36	åˆ›å»ºBucket
2025-03-23T07:42:52.415Z	[34mINFO[0m	comet/bucket.go:36	åˆ›å»ºBucket
2025-03-23T07:42:52.415Z	[34mINFO[0m	comet/bucket.go:36	åˆ›å»ºBucket
2025-03-23T07:42:52.415Z	[34mINFO[0m	comet/bucket.go:36	åˆ›å»ºBucket
2025-03-23T07:42:52.415Z	[34mINFO[0m	comet/bucket.go:36	åˆ›å»ºBucket
2025-03-23T07:42:52.415Z	[34mINFO[0m	comet/bucket.go:36	åˆ›å»ºBucket
2025-03-23T07:42:52.416Z	[34mINFO[0m	comet/bucket.go:36	åˆ›å»ºBucket
2025-03-23T07:42:52.416Z	[34mINFO[0m	comet/bucket.go:36	åˆ›å»ºBucket
2025-03-23T07:42:52.416Z	[34mINFO[0m	comet/bucket.go:36	åˆ›å»ºBucket
2025-03-23T07:42:52.416Z	[34mINFO[0m	comet/bucket.go:36	åˆ›å»ºBucket
2025-03-23T07:42:52.416Z	[34mINFO[0m	comet/bucket.go:36	åˆ›å»ºBucket
2025-03-23T07:42:52.417Z	[34mINFO[0m	comet/bucket.go:36	åˆ›å»ºBucket
2025-03-23T07:42:52.417Z	[34mINFO[0m	comet/bucket.go:36	åˆ›å»ºBucket
2025-03-23T07:42:52.417Z	[34mINFO[0m	comet/bucket.go:36	åˆ›å»ºBucket
2025-03-23T07:42:52.417Z	[34mINFO[0m	comet/bucket.go:36	åˆ›å»ºBucket
2025-03-23T07:42:52.417Z	[34mINFO[0m	comet/server.go:80	åˆå§‹åŒ–server	{"bucket size": 32}
2025-03-23T07:42:52.417Z	[34mINFO[0m	comet/server.go:116	onlineprocæ‰§è¡Œä¸­
2025-03-23T07:42:52.417Z	[34mINFO[0m	comet/server_tcp.go:47	Start TCP listen	{"bind": ":8080"}
2025-03-23T08:05:48.079Z	[34mINFO[0m	comet/bucket.go:36	åˆ›å»ºBucket
2025-03-23T08:05:48.079Z	[34mINFO[0m	comet/bucket.go:36	åˆ›å»ºBucket
2025-03-23T08:05:48.079Z	[34mINFO[0m	comet/bucket.go:36	åˆ›å»ºBucket
2025-03-23T08:05:48.079Z	[34mINFO[0m	comet/bucket.go:36	åˆ›å»ºBucket
2025-03-23T08:05:48.079Z	[34mINFO[0m	comet/bucket.go:36	åˆ›å»ºBucket
2025-03-23T08:05:48.080Z	[34mINFO[0m	comet/bucket.go:36	åˆ›å»ºBucket
2025-03-23T08:05:48.080Z	[34mINFO[0m	comet/bucket.go:36	åˆ›å»ºBucket
2025-03-23T08:05:48.080Z	[34mINFO[0m	comet/bucket.go:36	åˆ›å»ºBucket
2025-03-23T08:05:48.080Z	[34mINFO[0m	comet/bucket.go:36	åˆ›å»ºBucket
2025-03-23T08:05:48.080Z	[34mINFO[0m	comet/bucket.go:36	åˆ›å»ºBucket
2025-03-23T08:05:48.081Z	[34mINFO[0m	comet/bucket.go:36	åˆ›å»ºBucket
2025-03-23T08:05:48.081Z	[34mINFO[0m	comet/bucket.go:36	åˆ›å»ºBucket
2025-03-23T08:05:48.081Z	[34mINFO[0m	comet/bucket.go:36	åˆ›å»ºBucket
2025-03-23T08:05:48.081Z	[34mINFO[0m	comet/bucket.go:36	åˆ›å»ºBucket
2025-03-23T08:05:48.081Z	[34mINFO[0m	comet/bucket.go:36	åˆ›å»ºBucket
2025-03-23T08:05:48.081Z	[34mINFO[0m	comet/bucket.go:36	åˆ›å»ºBucket
2025-03-23T08:05:48.081Z	[34mINFO[0m	comet/bucket.go:36	åˆ›å»ºBucket
2025-03-23T08:05:48.082Z	[34mINFO[0m	comet/bucket.go:36	åˆ›å»ºBucket
2025-03-23T08:05:48.082Z	[34mINFO[0m	comet/bucket.go:36	åˆ›å»ºBucket
2025-03-23T08:05:48.082Z	[34mINFO[0m	comet/bucket.go:36	åˆ›å»ºBucket
2025-03-23T08:05:48.082Z	[34mINFO[0m	comet/bucket.go:36	åˆ›å»ºBucket
2025-03-23T08:05:48.082Z	[34mINFO[0m	comet/bucket.go:36	åˆ›å»ºBucket
2025-03-23T08:05:48.082Z	[34mINFO[0m	comet/bucket.go:36	åˆ›å»ºBucket
2025-03-23T08:05:48.082Z	[34mINFO[0m	comet/bucket.go:36	åˆ›å»ºBucket
2025-03-23T08:05:48.083Z	[34mINFO[0m	comet/bucket.go:36	åˆ›å»ºBucket
2025-03-23T08:05:48.083Z	[34mINFO[0m	comet/bucket.go:36	åˆ›å»ºBucket
2025-03-23T08:05:48.083Z	[34mINFO[0m	comet/bucket.go:36	åˆ›å»ºBucket
2025-03-23T08:05:48.083Z	[34mINFO[0m	comet/bucket.go:36	åˆ›å»ºBucket
2025-03-23T08:05:48.083Z	[34mINFO[0m	comet/bucket.go:36	åˆ›å»ºBucket
2025-03-23T08:05:48.083Z	[34mINFO[0m	comet/bucket.go:36	åˆ›å»ºBucket
2025-03-23T08:05:48.083Z	[34mINFO[0m	comet/bucket.go:36	åˆ›å»ºBucket
2025-03-23T08:05:48.083Z	[34mINFO[0m	comet/bucket.go:36	åˆ›å»ºBucket
2025-03-23T08:05:48.083Z	[34mINFO[0m	comet/server.go:80	åˆå§‹åŒ–server	{"bucket size": 32}
2025-03-23T08:05:48.084Z	[34mINFO[0m	comet/server.go:116	onlineprocæ‰§è¡Œä¸­
2025-03-23T08:05:48.084Z	[34mINFO[0m	comet/server_tcp.go:47	Start TCP listen	{"bind": ":8080"}
